<?xml version="1.0" encoding="UTF-8"?>
<!-- Generated by org.testng.reporters.JUnitXMLReporter -->
<testsuite ignored="0" hostname="Saryu-PC" failures="0" tests="2" name="Test2_Jobs" time="0.143" errors="0" timestamp="2019-12-06T05:03:10 IST">
  <testcase classname="Day_017_ParallelTests1.TC02_Add_Jobs" name="@BeforeTest Test1" time="-1.575588790142E9">
    <failure type="org.testng.TestNGException" message="
Parameter &amp;apos;Browser2&amp;apos; is required by BeforeTest on method Test1 but has not been marked @Optional or defined
in E:\Nov_8_2019\OrangeHRM10\src\test\java\Day_017_ParallelTests1\testng.xml">
      <![CDATA[org.testng.TestNGException: 
Parameter 'Browser2' is required by BeforeTest on method Test1 but has not been marked @Optional or defined
in E:\Nov_8_2019\OrangeHRM10\src\test\java\Day_017_ParallelTests1\testng.xml
at java.base/java.util.concurrent.FutureTask.run(FutureTask.java:264)
at java.base/java.util.concurrent.ThreadPoolExecutor.runWorker(ThreadPoolExecutor.java:1128)
at java.base/java.util.concurrent.ThreadPoolExecutor$Worker.run(ThreadPoolExecutor.java:628)
at java.base/java.lang.Thread.run(Thread.java:835)
... Removed 12 stack frames]]>
    </failure>
  </testcase> <!-- @BeforeTest Test1 -->
  <testcase classname="Day_017_ParallelTests1.TC02_Add_Jobs" name="login_test1" time="0.0">
    <skipped/>
  </testcase> <!-- login_test1 -->
  <testcase classname="Day_017_ParallelTests1.TC01_Add_Nationalities" name="Open_OrangeHRM" time="0.0">
    <skipped/>
  </testcase> <!-- Open_OrangeHRM -->
</testsuite> <!-- Test2_Jobs -->
